{
  "Cucumber Features": {
    "coverage": {
      "/home/codio/workspace/sweng-project-daniel-keogh/app/models/todo.rb": {
        "lines": [
          1,
          null,
          null,
          null,
          1,
          null,
          1,
          27,
          27,
          null,
          null,
          null,
          1,
          1,
          null,
          null,
          1,
          1,
          0,
          null,
          1,
          null,
          null,
          1,
          3,
          1,
          null,
          2,
          null,
          null
        ]
      },
      "/home/codio/workspace/sweng-project-daniel-keogh/app/controllers/todos_controller.rb": {
        "lines": [
          1,
          1,
          null,
          null,
          1,
          1,
          1,
          1,
          null,
          1,
          null,
          1,
          null,
          4,
          null,
          null,
          1,
          null,
          null,
          0,
          0,
          0,
          0,
          null,
          null,
          1,
          1,
          null,
          1,
          null,
          0,
          null,
          null,
          null,
          1,
          3,
          null,
          3,
          1,
          null,
          null,
          null,
          null,
          1,
          null,
          null,
          null,
          1,
          0,
          null,
          null,
          null,
          1,
          null,
          null,
          null,
          1,
          0,
          null,
          0,
          0,
          null,
          0,
          null,
          null,
          null,
          null,
          1,
          3,
          3,
          null,
          0,
          null,
          null,
          null,
          null,
          1,
          0,
          0,
          null,
          null,
          1,
          null,
          1,
          15,
          null,
          null,
          null,
          1,
          3,
          null,
          null
        ]
      },
      "/home/codio/workspace/sweng-project-daniel-keogh/app/controllers/application_controller.rb": {
        "lines": [
          1,
          null,
          null,
          1,
          null
        ]
      },
      "/home/codio/workspace/sweng-project-daniel-keogh/app/helpers/application_helper.rb": {
        "lines": [
          1,
          null
        ]
      },
      "/home/codio/workspace/sweng-project-daniel-keogh/app/helpers/todos_helper.rb": {
        "lines": [
          1,
          null
        ]
      }
    },
    "timestamp": 1620511899
  },
  "RSpec": {
    "coverage": {
      "/home/codio/workspace/sweng-project-daniel-keogh/app/helpers/application_helper.rb": {
        "lines": [
          1,
          null
        ]
      },
      "/home/codio/workspace/sweng-project-daniel-keogh/app/helpers/todos_helper.rb": {
        "lines": [
          1,
          null
        ]
      },
      "/home/codio/workspace/sweng-project-daniel-keogh/app/controllers/todos_controller.rb": {
        "lines": [
          1,
          1,
          null,
          null,
          1,
          2,
          2,
          2,
          null,
          2,
          null,
          2,
          null,
          8,
          null,
          null,
          2,
          null,
          null,
          1,
          1,
          1,
          1,
          null,
          null,
          1,
          1,
          null,
          1,
          null,
          0,
          null,
          null,
          null,
          1,
          4,
          null,
          4,
          2,
          null,
          null,
          null,
          null,
          1,
          null,
          null,
          null,
          1,
          1,
          null,
          null,
          null,
          1,
          null,
          null,
          null,
          1,
          0,
          null,
          0,
          0,
          null,
          0,
          null,
          null,
          null,
          null,
          1,
          1,
          1,
          null,
          0,
          null,
          null,
          null,
          null,
          1,
          1,
          1,
          null,
          null,
          1,
          null,
          1,
          8,
          null,
          null,
          null,
          1,
          1,
          null,
          null
        ]
      },
      "/home/codio/workspace/sweng-project-daniel-keogh/app/controllers/application_controller.rb": {
        "lines": [
          1,
          null,
          null,
          1,
          null
        ]
      },
      "/home/codio/workspace/sweng-project-daniel-keogh/app/models/todo.rb": {
        "lines": [
          1,
          null,
          null,
          null,
          1,
          null,
          1,
          35,
          30,
          null,
          null,
          null,
          1,
          3,
          null,
          null,
          1,
          4,
          0,
          null,
          4,
          null,
          null,
          1,
          7,
          3,
          null,
          4,
          null,
          null
        ]
      }
    },
    "timestamp": 1620511891
  }
}
